This is pdfTeX, Version 3.14159265-2.6-1.40.16 (TeX Live 2015) (preloaded format=pdflatex 2015.5.24)  17 AUG 2016 09:47
entering extended mode
 restricted \write18 enabled.
 file:line:error style messages enabled.
 %&-line parsing enabled.
**mixed-dim-model.tex
(./mixed-dim-model.tex
LaTeX2e <2015/01/01>
Babel <3.9l> and hyphenation patterns for 79 languages loaded.
(/usr/local/texlive/2015/texmf-dist/tex/latex/elsarticle/elsarticle.cls
Document Class: elsarticle 2009/09/17, 1.2.0: Elsevier Ltd
\@bls=\dimen102
(/usr/local/texlive/2015/texmf-dist/tex/latex/base/article.cls
Document Class: article 2014/09/29 v1.4h Standard LaTeX document class
(/usr/local/texlive/2015/texmf-dist/tex/latex/base/size10.clo
File: size10.clo 2014/09/29 v1.4h Standard LaTeX file (size option)
)
\c@part=\count79
\c@section=\count80
\c@subsection=\count81
\c@subsubsection=\count82
\c@paragraph=\count83
\c@subparagraph=\count84
\c@figure=\count85
\c@table=\count86
\abovecaptionskip=\skip41
\belowcaptionskip=\skip42
\bibindent=\dimen103
)
(/usr/local/texlive/2015/texmf-dist/tex/latex/graphics/graphicx.sty
Package: graphicx 2014/10/28 v1.0g Enhanced LaTeX Graphics (DPC,SPQR)

(/usr/local/texlive/2015/texmf-dist/tex/latex/graphics/keyval.sty
Package: keyval 2014/10/28 v1.15 key=value parser (DPC)
\KV@toks@=\toks14
)
(/usr/local/texlive/2015/texmf-dist/tex/latex/graphics/graphics.sty
Package: graphics 2014/10/28 v1.0p Standard LaTeX Graphics (DPC,SPQR)

(/usr/local/texlive/2015/texmf-dist/tex/latex/graphics/trig.sty
Package: trig 1999/03/16 v1.09 sin cos tan (DPC)
)
(/usr/local/texlive/2015/texmf-dist/tex/latex/latexconfig/graphics.cfg
File: graphics.cfg 2010/04/23 v1.9 graphics configuration of TeX Live
)
Package graphics Info: Driver file: pdftex.def on input line 94.

(/usr/local/texlive/2015/texmf-dist/tex/latex/pdftex-def/pdftex.def
File: pdftex.def 2011/05/27 v0.06d Graphics/color for pdfTeX

(/usr/local/texlive/2015/texmf-dist/tex/generic/oberdiek/infwarerr.sty
Package: infwarerr 2010/04/08 v1.3 Providing info/warning/error messages (HO)
)
(/usr/local/texlive/2015/texmf-dist/tex/generic/oberdiek/ltxcmds.sty
Package: ltxcmds 2011/11/09 v1.22 LaTeX kernel commands for general use (HO)
)
\Gread@gobject=\count87
))
\Gin@req@height=\dimen104
\Gin@req@width=\dimen105
)
(/usr/local/texlive/2015/texmf-dist/tex/latex/psnfss/pifont.sty
Package: pifont 2005/04/12 PSNFSS-v9.2a Pi font support (SPQR) 
LaTeX Font Info:    Try loading font information for U+pzd on input line 63.

(/usr/local/texlive/2015/texmf-dist/tex/latex/psnfss/upzd.fd
File: upzd.fd 2001/06/04 font definitions for U/pzd.
)
LaTeX Font Info:    Try loading font information for U+psy on input line 64.

(/usr/local/texlive/2015/texmf-dist/tex/latex/psnfss/upsy.fd
File: upsy.fd 2001/06/04 font definitions for U/psy.
))
\c@tnote=\count88
\c@fnote=\count89
\c@cnote=\count90
\c@ead=\count91
\c@author=\count92
\@eadauthor=\toks15
\c@affn=\count93
\absbox=\box26
\keybox=\box27
\Columnwidth=\dimen106
\space@left=\dimen107
\els@boxa=\box28
\els@boxb=\box29
\leftMargin=\dimen108
\@enLab=\toks16
\@sep=\skip43
\@@sep=\skip44

(./mixed-dim-model.spl)
(/usr/local/texlive/2015/texmf-dist/tex/latex/natbib/natbib.sty
Package: natbib 2010/09/13 8.31b (PWD, AO)
\bibhang=\skip45
\bibsep=\skip46
LaTeX Info: Redefining \cite on input line 694.
\c@NAT@ctr=\count94
)
\splwrite=\write3
\openout3 = `mixed-dim-model.spl'.

)
(/usr/local/texlive/2015/texmf-dist/tex/latex/lineno/lineno.sty
Package: lineno 2005/11/02 line numbers on paragraphs v4.41
\linenopenalty=\count95
\output=\toks17
\linenoprevgraf=\count96
\linenumbersep=\dimen109
\linenumberwidth=\dimen110
\c@linenumber=\count97
\c@pagewiselinenumber=\count98
\c@LN@truepage=\count99
\c@internallinenumber=\count100
\c@internallinenumbers=\count101
\quotelinenumbersep=\dimen111
\bframerule=\dimen112
\bframesep=\dimen113
\bframebox=\box30
LaTeX Info: Redefining \\ on input line 3056.
)
(/usr/local/texlive/2015/texmf-dist/tex/latex/hyperref/hyperref.sty
Package: hyperref 2012/11/06 v6.83m Hypertext links for LaTeX

(/usr/local/texlive/2015/texmf-dist/tex/generic/oberdiek/hobsub-hyperref.sty
Package: hobsub-hyperref 2012/05/28 v1.13 Bundle oberdiek, subset hyperref (HO)


(/usr/local/texlive/2015/texmf-dist/tex/generic/oberdiek/hobsub-generic.sty
Package: hobsub-generic 2012/05/28 v1.13 Bundle oberdiek, subset generic (HO)
Package: hobsub 2012/05/28 v1.13 Construct package bundles (HO)
Package hobsub Info: Skipping package `infwarerr' (already loaded).
Package hobsub Info: Skipping package `ltxcmds' (already loaded).
Package: ifluatex 2010/03/01 v1.3 Provides the ifluatex switch (HO)
Package ifluatex Info: LuaTeX not detected.
Package: ifvtex 2010/03/01 v1.5 Detect VTeX and its facilities (HO)
Package ifvtex Info: VTeX not detected.
Package: intcalc 2007/09/27 v1.1 Expandable calculations with integers (HO)
Package: ifpdf 2011/01/30 v2.3 Provides the ifpdf switch (HO)
Package ifpdf Info: pdfTeX in PDF mode is detected.
Package: etexcmds 2011/02/16 v1.5 Avoid name clashes with e-TeX commands (HO)
Package etexcmds Info: Could not find \expanded.
(etexcmds)             That can mean that you are not using pdfTeX 1.50 or
(etexcmds)             that some package has redefined \expanded.
(etexcmds)             In the latter case, load this package earlier.
Package: kvsetkeys 2012/04/25 v1.16 Key value parser (HO)
Package: kvdefinekeys 2011/04/07 v1.3 Define keys (HO)
Package: pdftexcmds 2011/11/29 v0.20 Utility functions of pdfTeX for LuaTeX (HO
)
Package pdftexcmds Info: LuaTeX not detected.
Package pdftexcmds Info: \pdf@primitive is available.
Package pdftexcmds Info: \pdf@ifprimitive is available.
Package pdftexcmds Info: \pdfdraftmode found.
Package: pdfescape 2011/11/25 v1.13 Implements pdfTeX's escape features (HO)
Package: bigintcalc 2012/04/08 v1.3 Expandable calculations on big integers (HO
)
Package: bitset 2011/01/30 v1.1 Handle bit-vector datatype (HO)
Package: uniquecounter 2011/01/30 v1.2 Provide unlimited unique counter (HO)
)
Package hobsub Info: Skipping package `hobsub' (already loaded).
Package: letltxmacro 2010/09/02 v1.4 Let assignment for LaTeX macros (HO)
Package: hopatch 2012/05/28 v1.2 Wrapper for package hooks (HO)
Package: xcolor-patch 2011/01/30 xcolor patch
Package: atveryend 2011/06/30 v1.8 Hooks at the very end of document (HO)
Package atveryend Info: \enddocument detected (standard20110627).
Package: atbegshi 2011/10/05 v1.16 At begin shipout hook (HO)
Package: refcount 2011/10/16 v3.4 Data extraction from label references (HO)
Package: hycolor 2011/01/30 v1.7 Color options for hyperref/bookmark (HO)
)
(/usr/local/texlive/2015/texmf-dist/tex/generic/ifxetex/ifxetex.sty
Package: ifxetex 2010/09/12 v0.6 Provides ifxetex conditional
)
(/usr/local/texlive/2015/texmf-dist/tex/latex/oberdiek/auxhook.sty
Package: auxhook 2011/03/04 v1.3 Hooks for auxiliary files (HO)
)
(/usr/local/texlive/2015/texmf-dist/tex/latex/oberdiek/kvoptions.sty
Package: kvoptions 2011/06/30 v3.11 Key value format for package options (HO)
)
\@linkdim=\dimen114
\Hy@linkcounter=\count102
\Hy@pagecounter=\count103

(/usr/local/texlive/2015/texmf-dist/tex/latex/hyperref/pd1enc.def
File: pd1enc.def 2012/11/06 v6.83m Hyperref: PDFDocEncoding definition (HO)
)
\Hy@SavedSpaceFactor=\count104

(/usr/local/texlive/2015/texmf-dist/tex/latex/latexconfig/hyperref.cfg
File: hyperref.cfg 2002/06/06 v1.2 hyperref configuration of TeXLive
)
Package hyperref Info: Hyper figures OFF on input line 4443.
Package hyperref Info: Link nesting OFF on input line 4448.
Package hyperref Info: Hyper index ON on input line 4451.
Package hyperref Info: Plain pages OFF on input line 4458.
Package hyperref Info: Backreferencing OFF on input line 4463.
Package hyperref Info: Implicit mode ON; LaTeX internals redefined.
Package hyperref Info: Bookmarks ON on input line 4688.
\c@Hy@tempcnt=\count105

(/usr/local/texlive/2015/texmf-dist/tex/latex/url/url.sty
\Urlmuskip=\muskip10
Package: url 2013/09/16  ver 3.4  Verb mode for urls, etc.
)
LaTeX Info: Redefining \url on input line 5041.
\XeTeXLinkMargin=\dimen115
\Fld@menulength=\count106
\Field@Width=\dimen116
\Fld@charsize=\dimen117
Package hyperref Info: Hyper figures OFF on input line 6295.
Package hyperref Info: Link nesting OFF on input line 6300.
Package hyperref Info: Hyper index ON on input line 6303.
Package hyperref Info: backreferencing OFF on input line 6310.
Package hyperref Info: Link coloring OFF on input line 6315.
Package hyperref Info: Link coloring with OCG OFF on input line 6320.
Package hyperref Info: PDF/A mode OFF on input line 6325.
LaTeX Info: Redefining \ref on input line 6365.
LaTeX Info: Redefining \pageref on input line 6369.
\Hy@abspage=\count107
\c@Item=\count108
\c@Hfootnote=\count109
)

Package hyperref Message: Driver (autodetected): hpdftex.

(/usr/local/texlive/2015/texmf-dist/tex/latex/hyperref/hpdftex.def
File: hpdftex.def 2012/11/06 v6.83m Hyperref driver for pdfTeX
\Fld@listcount=\count110
\c@bookmark@seq@number=\count111

(/usr/local/texlive/2015/texmf-dist/tex/latex/oberdiek/rerunfilecheck.sty
Package: rerunfilecheck 2011/04/15 v1.7 Rerun checks for auxiliary files (HO)
Package uniquecounter Info: New unique counter `rerunfilecheck' on input line 2
82.
)
\Hy@SectionHShift=\skip47
)
(/usr/local/texlive/2015/texmf-dist/tex/generic/ulem/ulem.sty
\UL@box=\box31
\UL@hyphenbox=\box32
\UL@skip=\skip48
\UL@hook=\toks18
\UL@height=\dimen118
\UL@pe=\count112
\UL@pixel=\dimen119
\ULC@box=\box33
Package: ulem 2012/05/18
\ULdepth=\dimen120
)
(/usr/local/texlive/2015/texmf-dist/tex/latex/todonotes/todonotes.sty
Package: todonotes 2012/07/25 .dtx Todonotes source and documentation.
Package: todonotes 2012/07/25

(/usr/local/texlive/2015/texmf-dist/tex/latex/base/ifthen.sty
Package: ifthen 2014/09/29 v1.1c Standard LaTeX ifthen package (DPC)
)
(/usr/local/texlive/2015/texmf-dist/tex/latex/xkeyval/xkeyval.sty
Package: xkeyval 2014/12/03 v2.7a package option processing (HA)

(/usr/local/texlive/2015/texmf-dist/tex/generic/xkeyval/xkeyval.tex
(/usr/local/texlive/2015/texmf-dist/tex/generic/xkeyval/xkvutils.tex
\XKV@toks=\toks19
\XKV@tempa@toks=\toks20
)
\XKV@depth=\count113
File: xkeyval.tex 2014/12/03 v2.7a key=value parser (HA)
))
(/usr/local/texlive/2015/texmf-dist/tex/latex/xcolor/xcolor.sty
Package: xcolor 2007/01/21 v2.11 LaTeX color extensions (UK)

(/usr/local/texlive/2015/texmf-dist/tex/latex/latexconfig/color.cfg
File: color.cfg 2007/01/18 v1.5 color configuration of teTeX/TeXLive
)
Package xcolor Info: Driver file: pdftex.def on input line 225.
Package xcolor Info: Model `cmy' substituted by `cmy0' on input line 1337.
Package xcolor Info: Model `hsb' substituted by `rgb' on input line 1341.
Package xcolor Info: Model `RGB' extended on input line 1353.
Package xcolor Info: Model `HTML' substituted by `rgb' on input line 1355.
Package xcolor Info: Model `Hsb' substituted by `hsb' on input line 1356.
Package xcolor Info: Model `tHsb' substituted by `hsb' on input line 1357.
Package xcolor Info: Model `HSB' substituted by `hsb' on input line 1358.
Package xcolor Info: Model `Gray' substituted by `gray' on input line 1359.
Package xcolor Info: Model `wave' substituted by `hsb' on input line 1360.
)
(/usr/local/texlive/2015/texmf-dist/tex/latex/pgf/frontendlayer/tikz.sty
(/usr/local/texlive/2015/texmf-dist/tex/latex/pgf/basiclayer/pgf.sty
(/usr/local/texlive/2015/texmf-dist/tex/latex/pgf/utilities/pgfrcs.sty
(/usr/local/texlive/2015/texmf-dist/tex/generic/pgf/utilities/pgfutil-common.te
x
\pgfutil@everybye=\toks21
\pgfutil@tempdima=\dimen121
\pgfutil@tempdimb=\dimen122

(/usr/local/texlive/2015/texmf-dist/tex/generic/pgf/utilities/pgfutil-common-li
sts.tex))
(/usr/local/texlive/2015/texmf-dist/tex/generic/pgf/utilities/pgfutil-latex.def
\pgfutil@abb=\box34
(/usr/local/texlive/2015/texmf-dist/tex/latex/ms/everyshi.sty
Package: everyshi 2001/05/15 v3.00 EveryShipout Package (MS)
))
(/usr/local/texlive/2015/texmf-dist/tex/generic/pgf/utilities/pgfrcs.code.tex
Package: pgfrcs 2013/12/20 v3.0.0 (rcs-revision 1.28)
))
Package: pgf 2013/12/18 v3.0.0 (rcs-revision 1.14)
(/usr/local/texlive/2015/texmf-dist/tex/latex/pgf/basiclayer/pgfcore.sty
(/usr/local/texlive/2015/texmf-dist/tex/latex/pgf/systemlayer/pgfsys.sty
(/usr/local/texlive/2015/texmf-dist/tex/generic/pgf/systemlayer/pgfsys.code.tex
Package: pgfsys 2013/11/30 v3.0.0 (rcs-revision 1.47)
(/usr/local/texlive/2015/texmf-dist/tex/generic/pgf/utilities/pgfkeys.code.tex
\pgfkeys@pathtoks=\toks22
\pgfkeys@temptoks=\toks23

(/usr/local/texlive/2015/texmf-dist/tex/generic/pgf/utilities/pgfkeysfiltered.c
ode.tex
\pgfkeys@tmptoks=\toks24
))
\pgf@x=\dimen123
\pgf@y=\dimen124
\pgf@xa=\dimen125
\pgf@ya=\dimen126
\pgf@xb=\dimen127
\pgf@yb=\dimen128
\pgf@xc=\dimen129
\pgf@yc=\dimen130
\w@pgf@writea=\write4
\r@pgf@reada=\read1
\c@pgf@counta=\count114
\c@pgf@countb=\count115
\c@pgf@countc=\count116
\c@pgf@countd=\count117
\t@pgf@toka=\toks25
\t@pgf@tokb=\toks26
\t@pgf@tokc=\toks27

(/usr/local/texlive/2015/texmf-dist/tex/generic/pgf/systemlayer/pgf.cfg
File: pgf.cfg 2008/05/14  (rcs-revision 1.7)
)
Driver file for pgf: pgfsys-pdftex.def

(/usr/local/texlive/2015/texmf-dist/tex/generic/pgf/systemlayer/pgfsys-pdftex.d
ef
File: pgfsys-pdftex.def 2013/07/18  (rcs-revision 1.33)

(/usr/local/texlive/2015/texmf-dist/tex/generic/pgf/systemlayer/pgfsys-common-p
df.def
File: pgfsys-common-pdf.def 2013/10/10  (rcs-revision 1.13)
)))
(/usr/local/texlive/2015/texmf-dist/tex/generic/pgf/systemlayer/pgfsyssoftpath.
code.tex
File: pgfsyssoftpath.code.tex 2013/09/09  (rcs-revision 1.9)
\pgfsyssoftpath@smallbuffer@items=\count118
\pgfsyssoftpath@bigbuffer@items=\count119
)
(/usr/local/texlive/2015/texmf-dist/tex/generic/pgf/systemlayer/pgfsysprotocol.
code.tex
File: pgfsysprotocol.code.tex 2006/10/16  (rcs-revision 1.4)
))
(/usr/local/texlive/2015/texmf-dist/tex/generic/pgf/basiclayer/pgfcore.code.tex
Package: pgfcore 2010/04/11 v3.0.0 (rcs-revision 1.7)
(/usr/local/texlive/2015/texmf-dist/tex/generic/pgf/math/pgfmath.code.tex
(/usr/local/texlive/2015/texmf-dist/tex/generic/pgf/math/pgfmathcalc.code.tex
(/usr/local/texlive/2015/texmf-dist/tex/generic/pgf/math/pgfmathutil.code.tex)
(/usr/local/texlive/2015/texmf-dist/tex/generic/pgf/math/pgfmathparser.code.tex
\pgfmath@dimen=\dimen131
\pgfmath@count=\count120
\pgfmath@box=\box35
\pgfmath@toks=\toks28
\pgfmath@stack@operand=\toks29
\pgfmath@stack@operation=\toks30
)
(/usr/local/texlive/2015/texmf-dist/tex/generic/pgf/math/pgfmathfunctions.code.
tex
(/usr/local/texlive/2015/texmf-dist/tex/generic/pgf/math/pgfmathfunctions.basic
.code.tex)
(/usr/local/texlive/2015/texmf-dist/tex/generic/pgf/math/pgfmathfunctions.trigo
nometric.code.tex)
(/usr/local/texlive/2015/texmf-dist/tex/generic/pgf/math/pgfmathfunctions.rando
m.code.tex)
(/usr/local/texlive/2015/texmf-dist/tex/generic/pgf/math/pgfmathfunctions.compa
rison.code.tex)
(/usr/local/texlive/2015/texmf-dist/tex/generic/pgf/math/pgfmathfunctions.base.
code.tex)
(/usr/local/texlive/2015/texmf-dist/tex/generic/pgf/math/pgfmathfunctions.round
.code.tex)
(/usr/local/texlive/2015/texmf-dist/tex/generic/pgf/math/pgfmathfunctions.misc.
code.tex)
(/usr/local/texlive/2015/texmf-dist/tex/generic/pgf/math/pgfmathfunctions.integ
erarithmetics.code.tex)))
(/usr/local/texlive/2015/texmf-dist/tex/generic/pgf/math/pgfmathfloat.code.tex
\c@pgfmathroundto@lastzeros=\count121
))
(/usr/local/texlive/2015/texmf-dist/tex/generic/pgf/basiclayer/pgfcorepoints.co
de.tex
File: pgfcorepoints.code.tex 2013/10/07  (rcs-revision 1.27)
\pgf@picminx=\dimen132
\pgf@picmaxx=\dimen133
\pgf@picminy=\dimen134
\pgf@picmaxy=\dimen135
\pgf@pathminx=\dimen136
\pgf@pathmaxx=\dimen137
\pgf@pathminy=\dimen138
\pgf@pathmaxy=\dimen139
\pgf@xx=\dimen140
\pgf@xy=\dimen141
\pgf@yx=\dimen142
\pgf@yy=\dimen143
\pgf@zx=\dimen144
\pgf@zy=\dimen145
)
(/usr/local/texlive/2015/texmf-dist/tex/generic/pgf/basiclayer/pgfcorepathconst
ruct.code.tex
File: pgfcorepathconstruct.code.tex 2013/10/07  (rcs-revision 1.29)
\pgf@path@lastx=\dimen146
\pgf@path@lasty=\dimen147
)
(/usr/local/texlive/2015/texmf-dist/tex/generic/pgf/basiclayer/pgfcorepathusage
.code.tex
File: pgfcorepathusage.code.tex 2013/12/13  (rcs-revision 1.23)
\pgf@shorten@end@additional=\dimen148
\pgf@shorten@start@additional=\dimen149
)
(/usr/local/texlive/2015/texmf-dist/tex/generic/pgf/basiclayer/pgfcorescopes.co
de.tex
File: pgfcorescopes.code.tex 2013/10/09  (rcs-revision 1.44)
\pgfpic=\box36
\pgf@hbox=\box37
\pgf@layerbox@main=\box38
\pgf@picture@serial@count=\count122
)
(/usr/local/texlive/2015/texmf-dist/tex/generic/pgf/basiclayer/pgfcoregraphicst
ate.code.tex
File: pgfcoregraphicstate.code.tex 2013/09/19  (rcs-revision 1.11)
\pgflinewidth=\dimen150
)
(/usr/local/texlive/2015/texmf-dist/tex/generic/pgf/basiclayer/pgfcoretransform
ations.code.tex
File: pgfcoretransformations.code.tex 2013/10/10  (rcs-revision 1.17)
\pgf@pt@x=\dimen151
\pgf@pt@y=\dimen152
\pgf@pt@temp=\dimen153
)
(/usr/local/texlive/2015/texmf-dist/tex/generic/pgf/basiclayer/pgfcorequick.cod
e.tex
File: pgfcorequick.code.tex 2008/10/09  (rcs-revision 1.3)
)
(/usr/local/texlive/2015/texmf-dist/tex/generic/pgf/basiclayer/pgfcoreobjects.c
ode.tex
File: pgfcoreobjects.code.tex 2006/10/11  (rcs-revision 1.2)
)
(/usr/local/texlive/2015/texmf-dist/tex/generic/pgf/basiclayer/pgfcorepathproce
ssing.code.tex
File: pgfcorepathprocessing.code.tex 2013/09/09  (rcs-revision 1.9)
)
(/usr/local/texlive/2015/texmf-dist/tex/generic/pgf/basiclayer/pgfcorearrows.co
de.tex
File: pgfcorearrows.code.tex 2013/11/07  (rcs-revision 1.40)
\pgfarrowsep=\dimen154
)
(/usr/local/texlive/2015/texmf-dist/tex/generic/pgf/basiclayer/pgfcoreshade.cod
e.tex
File: pgfcoreshade.code.tex 2013/07/15  (rcs-revision 1.15)
\pgf@max=\dimen155
\pgf@sys@shading@range@num=\count123
)
(/usr/local/texlive/2015/texmf-dist/tex/generic/pgf/basiclayer/pgfcoreimage.cod
e.tex
File: pgfcoreimage.code.tex 2013/07/15  (rcs-revision 1.18)

(/usr/local/texlive/2015/texmf-dist/tex/generic/pgf/basiclayer/pgfcoreexternal.
code.tex
File: pgfcoreexternal.code.tex 2013/07/15  (rcs-revision 1.20)
\pgfexternal@startupbox=\box39
))
(/usr/local/texlive/2015/texmf-dist/tex/generic/pgf/basiclayer/pgfcorelayers.co
de.tex
File: pgfcorelayers.code.tex 2013/07/18  (rcs-revision 1.7)
)
(/usr/local/texlive/2015/texmf-dist/tex/generic/pgf/basiclayer/pgfcoretranspare
ncy.code.tex
File: pgfcoretransparency.code.tex 2013/09/30  (rcs-revision 1.5)
)
(/usr/local/texlive/2015/texmf-dist/tex/generic/pgf/basiclayer/pgfcorepatterns.
code.tex
File: pgfcorepatterns.code.tex 2013/11/07  (rcs-revision 1.5)
)))
(/usr/local/texlive/2015/texmf-dist/tex/generic/pgf/modules/pgfmoduleshapes.cod
e.tex
File: pgfmoduleshapes.code.tex 2013/10/31  (rcs-revision 1.34)
\pgfnodeparttextbox=\box40
)
(/usr/local/texlive/2015/texmf-dist/tex/generic/pgf/modules/pgfmoduleplot.code.
tex
File: pgfmoduleplot.code.tex 2013/07/31  (rcs-revision 1.12)
)
(/usr/local/texlive/2015/texmf-dist/tex/latex/pgf/compatibility/pgfcomp-version
-0-65.sty
Package: pgfcomp-version-0-65 2007/07/03 v3.0.0 (rcs-revision 1.7)
\pgf@nodesepstart=\dimen156
\pgf@nodesepend=\dimen157
)
(/usr/local/texlive/2015/texmf-dist/tex/latex/pgf/compatibility/pgfcomp-version
-1-18.sty
Package: pgfcomp-version-1-18 2007/07/23 v3.0.0 (rcs-revision 1.1)
))
(/usr/local/texlive/2015/texmf-dist/tex/latex/pgf/utilities/pgffor.sty
(/usr/local/texlive/2015/texmf-dist/tex/latex/pgf/utilities/pgfkeys.sty
(/usr/local/texlive/2015/texmf-dist/tex/generic/pgf/utilities/pgfkeys.code.tex)
) (/usr/local/texlive/2015/texmf-dist/tex/latex/pgf/math/pgfmath.sty
(/usr/local/texlive/2015/texmf-dist/tex/generic/pgf/math/pgfmath.code.tex))
(/usr/local/texlive/2015/texmf-dist/tex/generic/pgf/utilities/pgffor.code.tex
Package: pgffor 2013/12/13 v3.0.0 (rcs-revision 1.25)

(/usr/local/texlive/2015/texmf-dist/tex/generic/pgf/math/pgfmath.code.tex)
\pgffor@iter=\dimen158
\pgffor@skip=\dimen159
\pgffor@stack=\toks31
\pgffor@toks=\toks32
))
(/usr/local/texlive/2015/texmf-dist/tex/generic/pgf/frontendlayer/tikz/tikz.cod
e.tex
Package: tikz 2013/12/13 v3.0.0 (rcs-revision 1.142)

(/usr/local/texlive/2015/texmf-dist/tex/generic/pgf/libraries/pgflibraryplothan
dlers.code.tex
File: pgflibraryplothandlers.code.tex 2013/08/31 v3.0.0 (rcs-revision 1.20)
\pgf@plot@mark@count=\count124
\pgfplotmarksize=\dimen160
)
\tikz@lastx=\dimen161
\tikz@lasty=\dimen162
\tikz@lastxsaved=\dimen163
\tikz@lastysaved=\dimen164
\tikzleveldistance=\dimen165
\tikzsiblingdistance=\dimen166
\tikz@figbox=\box41
\tikz@figbox@bg=\box42
\tikz@tempbox=\box43
\tikz@tempbox@bg=\box44
\tikztreelevel=\count125
\tikznumberofchildren=\count126
\tikznumberofcurrentchild=\count127
\tikz@fig@count=\count128

(/usr/local/texlive/2015/texmf-dist/tex/generic/pgf/modules/pgfmodulematrix.cod
e.tex
File: pgfmodulematrix.code.tex 2013/09/17  (rcs-revision 1.8)
\pgfmatrixcurrentrow=\count129
\pgfmatrixcurrentcolumn=\count130
\pgf@matrix@numberofcolumns=\count131
)
\tikz@expandcount=\count132

(/usr/local/texlive/2015/texmf-dist/tex/generic/pgf/frontendlayer/tikz/librarie
s/tikzlibrarytopaths.code.tex
File: tikzlibrarytopaths.code.tex 2008/06/17 v3.0.0 (rcs-revision 1.2)
)))
(/usr/local/texlive/2015/texmf-dist/tex/generic/pgf/frontendlayer/tikz/librarie
s/tikzlibrarypositioning.code.tex
File: tikzlibrarypositioning.code.tex 2008/10/06 v3.0.0 (rcs-revision 1.7)
)
(/usr/local/texlive/2015/texmf-dist/tex/latex/tools/calc.sty
Package: calc 2014/10/28 v4.3 Infix arithmetic (KKT,FJ)
\calc@Acount=\count133
\calc@Bcount=\count134
\calc@Adimen=\dimen167
\calc@Bdimen=\dimen168
\calc@Askip=\skip49
\calc@Bskip=\skip50
LaTeX Info: Redefining \setlength on input line 80.
LaTeX Info: Redefining \addtolength on input line 81.
\calc@Ccount=\count135
\calc@Cskip=\skip51
)
\c@@todonotes@numberoftodonotes=\count136
)
(/usr/local/texlive/2015/texmf-dist/tex/latex/rotating/rotating.sty
Package: rotating 2009/03/28 v2.16a rotated objects in LaTeX
\c@r@tfl@t=\count137
\rotFPtop=\skip52
\rotFPbot=\skip53
\rot@float@box=\box45
\rot@mess@toks=\toks33
)
(./mixed-dim-model.aux)
\openout1 = `mixed-dim-model.aux'.

LaTeX Font Info:    Checking defaults for OML/cmm/m/it on input line 41.
LaTeX Font Info:    ... okay on input line 41.
LaTeX Font Info:    Checking defaults for T1/cmr/m/n on input line 41.
LaTeX Font Info:    ... okay on input line 41.
LaTeX Font Info:    Checking defaults for OT1/cmr/m/n on input line 41.
LaTeX Font Info:    ... okay on input line 41.
LaTeX Font Info:    Checking defaults for OMS/cmsy/m/n on input line 41.
LaTeX Font Info:    ... okay on input line 41.
LaTeX Font Info:    Checking defaults for OMX/cmex/m/n on input line 41.
LaTeX Font Info:    ... okay on input line 41.
LaTeX Font Info:    Checking defaults for U/cmr/m/n on input line 41.
LaTeX Font Info:    ... okay on input line 41.
LaTeX Font Info:    Checking defaults for PD1/pdf/m/n on input line 41.
LaTeX Font Info:    ... okay on input line 41.

(/usr/local/texlive/2015/texmf-dist/tex/context/base/supp-pdf.mkii
[Loading MPS to PDF converter (version 2006.09.02).]
\scratchcounter=\count138
\scratchdimen=\dimen169
\scratchbox=\box46
\nofMPsegments=\count139
\nofMParguments=\count140
\everyMPshowfont=\toks34
\MPscratchCnt=\count141
\MPscratchDim=\dimen170
\MPnumerator=\count142
\makeMPintoPDFobject=\count143
\everyMPtoPDFconversion=\toks35
) (/usr/local/texlive/2015/texmf-dist/tex/latex/oberdiek/epstopdf-base.sty
Package: epstopdf-base 2010/02/09 v2.5 Base part for package epstopdf

(/usr/local/texlive/2015/texmf-dist/tex/latex/oberdiek/grfext.sty
Package: grfext 2010/08/19 v1.1 Manage graphics extensions (HO)
)
Package grfext Info: Graphics extension search list:
(grfext)             [.png,.pdf,.jpg,.mps,.jpeg,.jbig2,.jb2,.PNG,.PDF,.JPG,.JPE
G,.JBIG2,.JB2,.eps]
(grfext)             \AppendGraphicsExtensions on input line 452.

(/usr/local/texlive/2015/texmf-dist/tex/latex/latexconfig/epstopdf-sys.cfg
File: epstopdf-sys.cfg 2010/07/13 v1.3 Configuration of (r)epstopdf for TeX Liv
e
))
\AtBeginShipoutBox=\box47
Package hyperref Info: Link coloring OFF on input line 41.

(/usr/local/texlive/2015/texmf-dist/tex/latex/hyperref/nameref.sty
Package: nameref 2012/10/27 v2.43 Cross-referencing by name of section

(/usr/local/texlive/2015/texmf-dist/tex/generic/oberdiek/gettitlestring.sty
Package: gettitlestring 2010/12/03 v1.4 Cleanup title references (HO)
)
\c@section@level=\count144
)
LaTeX Info: Redefining \ref on input line 41.
LaTeX Info: Redefining \pageref on input line 41.
LaTeX Info: Redefining \nameref on input line 41.

(./mixed-dim-model.out) (./mixed-dim-model.out)
\@outlinefile=\write5
\openout5 = `mixed-dim-model.out'.


ABD: EveryShipout initializing macros
LaTeX Font Info:    External font `cmex10' loaded for size
(Font)              <7> on input line 82.
LaTeX Font Info:    External font `cmex10' loaded for size
(Font)              <5> on input line 82.
 [1


{/usr/local/texlive/2015/texmf-var/fonts/map/pdftex/updmap/pdftex.map}] [2] [3]


Package natbib Warning: Citation `atchley2015' on page 4 undefined on input lin
e 105.

[4]

Package natbib Warning: Citation `atchley2016' on page 5 undefined on input lin
e 107.

<figures/FineScaleOct15.png, id=156, 722.7pt x 225.0006pt>
File: figures/FineScaleOct15.png Graphic file (type png)

<use figures/FineScaleOct15.png>
Package pdftex.def Info: figures/FineScaleOct15.png used on input line 111.
(pdftex.def)             Requested size: 483.69922pt x 227.61958pt.

<figures/ALT-finescale.png, id=158, 722.7pt x 183.084pt>
File: figures/ALT-finescale.png Graphic file (type png)

<use figures/ALT-finescale.png>
Package pdftex.def Info: figures/ALT-finescale.png used on input line 118.
(pdftex.def)             Requested size: 341.43344pt x 142.26576pt.
 [5] [6 <./figures/FineScaleOct15.png>] [7 <./figures/ALT-finescale.png>]
Overfull \hbox (1.82742pt too wide) in paragraph at lines 131--131
[]\OT1/cmr/bx/n/10 Modeling Ap-proach, Cou-pling Scheme, and ATS Refac-tor-ing 
Strat-
 []

[8] <figures/mixed-dim-model.png, id=192, 391.2216pt x 262.581pt>
File: figures/mixed-dim-model.png Graphic file (type png)

<use figures/mixed-dim-model.png>
Package pdftex.def Info: figures/mixed-dim-model.png used on input line 139.
(pdftex.def)             Requested size: 284.52681pt x 213.39459pt.

<figures/process-tree1.png, id=193, 346.4142pt x 325.215pt>
File: figures/process-tree1.png Graphic file (type png)

<use figures/process-tree1.png>
Package pdftex.def Info: figures/process-tree1.png used on input line 147.
(pdftex.def)             Requested size: 312.98564pt x 213.40196pt.
 [9 <./figures/mixed-dim-model.png>]
<figures/coupling-scheme.png, id=200, 621.522pt x 382.5492pt>
File: figures/coupling-scheme.png Graphic file (type png)

<use figures/coupling-scheme.png>
Package pdftex.def Info: figures/coupling-scheme.png used on input line 161.
(pdftex.def)             Requested size: 312.98889pt x 184.94073pt.
 [10 <./figures/process-tree1.png>] [11 <./figures/coupling-scheme.png>]
<figures/lobster75-3d.png, id=216, 384.4764pt x 221.1462pt>
File: figures/lobster75-3d.png Graphic file (type png)

<use figures/lobster75-3d.png>
Package pdftex.def Info: figures/lobster75-3d.png used on input line 184.
(pdftex.def)             Requested size: 312.9847pt x 184.94492pt.
 [12] [13 <./figures/lobster75-3d.png>]
Package epstopdf Info: Source file: <figures/comparison/regular/ss-sat/comp-sat
-loc1-cycle0020.eps>
(epstopdf)                    date: 2016-06-30 18:26:30
(epstopdf)                    size: 29885 bytes
(epstopdf)             Output file: <figures/comparison/regular/ss-sat/comp-sat
-loc1-cycle0020-eps-converted-to.pdf>
(epstopdf)                    date: 2016-08-12 13:27:46
(epstopdf)                    size: 25202 bytes
(epstopdf)             Command: <repstopdf --outfile=figures/comparison/regular
/ss-sat/comp-sat-loc1-cycle0020-eps-converted-to.pdf figures/comparison/regular
/ss-sat/comp-sat-loc1-cycle0020.eps>
(epstopdf)             \includegraphics on input line 205.
Package epstopdf Info: Output file is already uptodate.

<figures/comparison/regular/ss-sat/comp-sat-loc1-cycle0020-eps-converted-to.pdf
, id=246, 397.485pt x 433.62pt>
File: figures/comparison/regular/ss-sat/comp-sat-loc1-cycle0020-eps-converted-t
o.pdf Graphic file (type pdf)

<use figures/comparison/regular/ss-sat/comp-sat-loc1-cycle0020-eps-converted-to
.pdf>
Package pdftex.def Info: figures/comparison/regular/ss-sat/comp-sat-loc1-cycle0
020-eps-converted-to.pdf used on input line 205.
(pdftex.def)             Requested size: 170.72113pt x 213.39536pt.
Package epstopdf Info: Source file: <figures/comparison/regular/ss-sat/comp-sat
-loc5-cycle0020.eps>
(epstopdf)                    date: 2016-06-30 18:25:29
(epstopdf)                    size: 30393 bytes
(epstopdf)             Output file: <figures/comparison/regular/ss-sat/comp-sat
-loc5-cycle0020-eps-converted-to.pdf>
(epstopdf)                    date: 2016-08-12 13:27:47
(epstopdf)                    size: 25320 bytes
(epstopdf)             Command: <repstopdf --outfile=figures/comparison/regular
/ss-sat/comp-sat-loc5-cycle0020-eps-converted-to.pdf figures/comparison/regular
/ss-sat/comp-sat-loc5-cycle0020.eps>
(epstopdf)             \includegraphics on input line 206.
Package epstopdf Info: Output file is already uptodate.

<figures/comparison/regular/ss-sat/comp-sat-loc5-cycle0020-eps-converted-to.pdf
, id=247, 397.485pt x 433.62pt>
File: figures/comparison/regular/ss-sat/comp-sat-loc5-cycle0020-eps-converted-t
o.pdf Graphic file (type pdf)

<use figures/comparison/regular/ss-sat/comp-sat-loc5-cycle0020-eps-converted-to
.pdf>
Package pdftex.def Info: figures/comparison/regular/ss-sat/comp-sat-loc5-cycle0
020-eps-converted-to.pdf used on input line 206.
(pdftex.def)             Requested size: 170.72113pt x 213.39536pt.
Package epstopdf Info: Source file: <figures/comparison/regular/ss-temp/comp-te
mp-loc1-cycle0020.eps>
(epstopdf)                    date: 2016-06-30 18:27:38
(epstopdf)                    size: 29350 bytes
(epstopdf)             Output file: <figures/comparison/regular/ss-temp/comp-te
mp-loc1-cycle0020-eps-converted-to.pdf>
(epstopdf)                    date: 2016-08-12 13:27:47
(epstopdf)                    size: 26343 bytes
(epstopdf)             Command: <repstopdf --outfile=figures/comparison/regular
/ss-temp/comp-temp-loc1-cycle0020-eps-converted-to.pdf figures/comparison/regul
ar/ss-temp/comp-temp-loc1-cycle0020.eps>
(epstopdf)             \includegraphics on input line 214.
Package epstopdf Info: Output file is already uptodate.

<figures/comparison/regular/ss-temp/comp-temp-loc1-cycle0020-eps-converted-to.p
df, id=248, 397.485pt x 433.62pt>
File: figures/comparison/regular/ss-temp/comp-temp-loc1-cycle0020-eps-converted
-to.pdf Graphic file (type pdf)

<use figures/comparison/regular/ss-temp/comp-temp-loc1-cycle0020-eps-converted-
to.pdf>
Package pdftex.def Info: figures/comparison/regular/ss-temp/comp-temp-loc1-cycl
e0020-eps-converted-to.pdf used on input line 214.
(pdftex.def)             Requested size: 170.72113pt x 213.39536pt.
Package epstopdf Info: Source file: <figures/comparison/regular/ss-temp/comp-te
mp-loc5-cycle0020.eps>
(epstopdf)                    date: 2016-07-01 12:38:06
(epstopdf)                    size: 29358 bytes
(epstopdf)             Output file: <figures/comparison/regular/ss-temp/comp-te
mp-loc5-cycle0020-eps-converted-to.pdf>
(epstopdf)                    date: 2016-08-12 13:27:47
(epstopdf)                    size: 26354 bytes
(epstopdf)             Command: <repstopdf --outfile=figures/comparison/regular
/ss-temp/comp-temp-loc5-cycle0020-eps-converted-to.pdf figures/comparison/regul
ar/ss-temp/comp-temp-loc5-cycle0020.eps>
(epstopdf)             \includegraphics on input line 215.
Package epstopdf Info: Output file is already uptodate.

<figures/comparison/regular/ss-temp/comp-temp-loc5-cycle0020-eps-converted-to.p
df, id=249, 397.485pt x 433.62pt>
File: figures/comparison/regular/ss-temp/comp-temp-loc5-cycle0020-eps-converted
-to.pdf Graphic file (type pdf)

<use figures/comparison/regular/ss-temp/comp-temp-loc5-cycle0020-eps-converted-
to.pdf>
Package pdftex.def Info: figures/comparison/regular/ss-temp/comp-temp-loc5-cycl
e0020-eps-converted-to.pdf used on input line 215.
(pdftex.def)             Requested size: 170.72113pt x 213.39536pt.
Package epstopdf Info: Source file: <figures/comparison/regular/ponded-depth/co
mp-pd-location1.eps>
(epstopdf)                    date: 2016-06-30 19:24:51
(epstopdf)                    size: 32337 bytes
(epstopdf)             Output file: <figures/comparison/regular/ponded-depth/co
mp-pd-location1-eps-converted-to.pdf>
(epstopdf)                    date: 2016-08-12 13:27:48
(epstopdf)                    size: 22075 bytes
(epstopdf)             Command: <repstopdf --outfile=figures/comparison/regular
/ponded-depth/comp-pd-location1-eps-converted-to.pdf figures/comparison/regular
/ponded-depth/comp-pd-location1.eps>
(epstopdf)             \includegraphics on input line 222.
Package epstopdf Info: Output file is already uptodate.

<figures/comparison/regular/ponded-depth/comp-pd-location1-eps-converted-to.pdf
, id=250, 578.16pt x 433.62pt>
File: figures/comparison/regular/ponded-depth/comp-pd-location1-eps-converted-t
o.pdf Graphic file (type pdf)

<use figures/comparison/regular/ponded-depth/comp-pd-location1-eps-converted-to
.pdf>
Package pdftex.def Info: figures/comparison/regular/ponded-depth/comp-pd-locati
on1-eps-converted-to.pdf used on input line 222.
(pdftex.def)             Requested size: 170.71451pt x 213.39536pt.
Package epstopdf Info: Source file: <figures/comparison/regular/ponded-depth/co
mp-pd-location5.eps>
(epstopdf)                    date: 2016-08-12 09:16:13
(epstopdf)                    size: 32807 bytes
(epstopdf)             Output file: <figures/comparison/regular/ponded-depth/co
mp-pd-location5-eps-converted-to.pdf>
(epstopdf)                    date: 2016-08-12 13:27:48
(epstopdf)                    size: 22258 bytes
(epstopdf)             Command: <repstopdf --outfile=figures/comparison/regular
/ponded-depth/comp-pd-location5-eps-converted-to.pdf figures/comparison/regular
/ponded-depth/comp-pd-location5.eps>
(epstopdf)             \includegraphics on input line 223.
Package epstopdf Info: Output file is already uptodate.

<figures/comparison/regular/ponded-depth/comp-pd-location5-eps-converted-to.pdf
, id=251, 578.16pt x 433.62pt>
File: figures/comparison/regular/ponded-depth/comp-pd-location5-eps-converted-t
o.pdf Graphic file (type pdf)

<use figures/comparison/regular/ponded-depth/comp-pd-location5-eps-converted-to
.pdf>
Package pdftex.def Info: figures/comparison/regular/ponded-depth/comp-pd-locati
on5-eps-converted-to.pdf used on input line 223.
(pdftex.def)             Requested size: 170.71451pt x 213.39536pt.
Package epstopdf Info: Source file: <figures/comparison/regular/surf-temp/comp-
temp-location1.eps>
(epstopdf)                    date: 2016-08-12 13:22:50
(epstopdf)                    size: 44725 bytes
(epstopdf)             Output file: <figures/comparison/regular/surf-temp/comp-
temp-location1-eps-converted-to.pdf>
(epstopdf)                    date: 2016-08-12 13:29:59
(epstopdf)                    size: 71498 bytes
(epstopdf)             Command: <repstopdf --outfile=figures/comparison/regular
/surf-temp/comp-temp-location1-eps-converted-to.pdf figures/comparison/regular/
surf-temp/comp-temp-location1.eps>
(epstopdf)             \includegraphics on input line 230.
Package epstopdf Info: Output file is already uptodate.

<figures/comparison/regular/surf-temp/comp-temp-location1-eps-converted-to.pdf,
 id=252, 578.16pt x 433.62pt>
File: figures/comparison/regular/surf-temp/comp-temp-location1-eps-converted-to
.pdf Graphic file (type pdf)

<use figures/comparison/regular/surf-temp/comp-temp-location1-eps-converted-to.
pdf>
Package pdftex.def Info: figures/comparison/regular/surf-temp/comp-temp-locatio
n1-eps-converted-to.pdf used on input line 230.
(pdftex.def)             Requested size: 312.97809pt x 213.39536pt.
Package epstopdf Info: Source file: <figures/comparison/regular/error.eps>
(epstopdf)                    date: 2016-08-12 09:35:00
(epstopdf)                    size: 35436 bytes
(epstopdf)             Output file: <figures/comparison/regular/error-eps-conve
rted-to.pdf>
(epstopdf)                    date: 2016-08-12 13:27:49
(epstopdf)                    size: 21827 bytes
(epstopdf)             Command: <repstopdf --outfile=figures/comparison/regular
/error-eps-converted-to.pdf figures/comparison/regular/error.eps>
(epstopdf)             \includegraphics on input line 241.
Package epstopdf Info: Output file is already uptodate.

<figures/comparison/regular/error-eps-converted-to.pdf, id=253, 578.16pt x 433.
62pt>
File: figures/comparison/regular/error-eps-converted-to.pdf Graphic file (type 
pdf)
 <use figures/comparison/regular/error-eps-converted-to.pdf>
Package pdftex.def Info: figures/comparison/regular/error-eps-converted-to.pdf 
used on input line 241.
(pdftex.def)             Requested size: 284.52713pt x 170.71892pt.
Package epstopdf Info: Source file: <figures/comparison/dist/Elev-grad1.5m/erro
r.eps>
(epstopdf)                    date: 2016-08-12 09:36:53
(epstopdf)                    size: 36638 bytes
(epstopdf)             Output file: <figures/comparison/dist/Elev-grad1.5m/erro
r-eps-converted-to.pdf>
(epstopdf)                    date: 2016-08-12 13:27:49
(epstopdf)                    size: 22807 bytes
(epstopdf)             Command: <repstopdf --outfile=figures/comparison/dist/El
ev-grad1.5m/error-eps-converted-to.pdf figures/comparison/dist/Elev-grad1.5m/er
ror.eps>
(epstopdf)             \includegraphics on input line 242.
Package epstopdf Info: Output file is already uptodate.

<figures/comparison/dist/Elev-grad1.5m/error-eps-converted-to.pdf, id=254, 578.
16pt x 433.62pt>
File: figures/comparison/dist/Elev-grad1.5m/error-eps-converted-to.pdf Graphic 
file (type pdf)

<use figures/comparison/dist/Elev-grad1.5m/error-eps-converted-to.pdf>
Package pdftex.def Info: figures/comparison/dist/Elev-grad1.5m/error-eps-conver
ted-to.pdf used on input line 242.
(pdftex.def)             Requested size: 284.52713pt x 170.71892pt.
Package epstopdf Info: Source file: <figures/comparison/dist/Elev-grad2.5m/erro
r.eps>
(epstopdf)                    date: 2016-08-12 09:38:54
(epstopdf)                    size: 36381 bytes
(epstopdf)             Output file: <figures/comparison/dist/Elev-grad2.5m/erro
r-eps-converted-to.pdf>
(epstopdf)                    date: 2016-08-12 13:27:49
(epstopdf)                    size: 22687 bytes
(epstopdf)             Command: <repstopdf --outfile=figures/comparison/dist/El
ev-grad2.5m/error-eps-converted-to.pdf figures/comparison/dist/Elev-grad2.5m/er
ror.eps>
(epstopdf)             \includegraphics on input line 243.
Package epstopdf Info: Output file is already uptodate.

<figures/comparison/dist/Elev-grad2.5m/error-eps-converted-to.pdf, id=255, 578.
16pt x 433.62pt>
File: figures/comparison/dist/Elev-grad2.5m/error-eps-converted-to.pdf Graphic 
file (type pdf)

<use figures/comparison/dist/Elev-grad2.5m/error-eps-converted-to.pdf>
Package pdftex.def Info: figures/comparison/dist/Elev-grad2.5m/error-eps-conver
ted-to.pdf used on input line 243.
(pdftex.def)             Requested size: 284.52713pt x 170.71892pt.


LaTeX Warning: Float too large for page by 2.65675pt on input line 246.

<figures/barrow-watershed-image2A.png, id=256, 545.3976pt x 291.9708pt>
File: figures/barrow-watershed-image2A.png Graphic file (type png)

<use figures/barrow-watershed-image2A.png>
Package pdftex.def Info: figures/barrow-watershed-image2A.png used on input lin
e 250.
(pdftex.def)             Requested size: 341.43855pt x 241.84563pt.

<figures/surface-ponded-depth3-time13-4507.png, id=257, 1027.84pt x 965.6075pt>
File: figures/surface-ponded-depth3-time13-4507.png Graphic file (type png)
<use figures/surface-ponded-depth3-time13-4507.png>
Package pdftex.def Info: figures/surface-ponded-depth3-time13-4507.png used on 
input line 257.
(pdftex.def)             Requested size: 341.431pt x 213.39201pt.

<figures/surface-temperature3-time13-4644.png, id=258, 1027.84pt x 965.6075pt>
File: figures/surface-temperature3-time13-4644.png Graphic file (type png)

<use figures/surface-temperature3-time13-4644.png>
Package pdftex.def Info: figures/surface-temperature3-time13-4644.png used on i
nput line 258.
(pdftex.def)             Requested size: 341.431pt x 213.39201pt.
 [14 <./figures/comparison/regular/ss-sat/comp-sat-loc1-cycle0020-eps-converted
-to.pdf> <./figures/comparison/regular/ss-sat/comp-sat-loc5-cycle0020-eps-conve
rted-to.pdf>] [15 <./figures/comparison/regular/ss-temp/comp-temp-loc1-cycle002
0-eps-converted-to.pdf> <./figures/comparison/regular/ss-temp/comp-temp-loc5-cy
cle0020-eps-converted-to.pdf> <./figures/comparison/regular/ponded-depth/comp-p
d-location1-eps-converted-to.pdf> <./figures/comparison/regular/ponded-depth/co
mp-pd-location5-eps-converted-to.pdf>]
Package epstopdf Info: Source file: <figures/compare3d-lcs-speed.eps>
(epstopdf)                    date: 2016-05-23 20:57:33
(epstopdf)                    size: 29376 bytes
(epstopdf)             Output file: <figures/compare3d-lcs-speed-eps-converted-
to.pdf>
(epstopdf)                    date: 2016-05-23 23:08:07
(epstopdf)                    size: 19525 bytes
(epstopdf)             Command: <repstopdf --outfile=figures/compare3d-lcs-spee
d-eps-converted-to.pdf figures/compare3d-lcs-speed.eps>
(epstopdf)             \includegraphics on input line 272.
Package epstopdf Info: Output file is already uptodate.

<figures/compare3d-lcs-speed-eps-converted-to.pdf, id=510, 578.16pt x 433.62pt>
File: figures/compare3d-lcs-speed-eps-converted-to.pdf Graphic file (type pdf)
<use figures/compare3d-lcs-speed-eps-converted-to.pdf>
Package pdftex.def Info: figures/compare3d-lcs-speed-eps-converted-to.pdf used 
on input line 272.
(pdftex.def)             Requested size: 284.52713pt x 184.9444pt.
Package epstopdf Info: Source file: <figures/speedup-lcs-lobster.eps>
(epstopdf)                    date: 2016-07-01 17:13:38
(epstopdf)                    size: 23093 bytes
(epstopdf)             Output file: <figures/speedup-lcs-lobster-eps-converted-
to.pdf>
(epstopdf)                    date: 2016-07-01 17:15:06
(epstopdf)                    size: 17777 bytes
(epstopdf)             Command: <repstopdf --outfile=figures/speedup-lcs-lobste
r-eps-converted-to.pdf figures/speedup-lcs-lobster.eps>
(epstopdf)             \includegraphics on input line 280.
Package epstopdf Info: Output file is already uptodate.

<figures/speedup-lcs-lobster-eps-converted-to.pdf, id=511, 578.16pt x 433.62pt>
File: figures/speedup-lcs-lobster-eps-converted-to.pdf Graphic file (type pdf)
<use figures/speedup-lcs-lobster-eps-converted-to.pdf>
Package pdftex.def Info: figures/speedup-lcs-lobster-eps-converted-to.pdf used 
on input line 280.
(pdftex.def)             Requested size: 284.52713pt x 184.9444pt.
Package epstopdf Info: Source file: <figures/speedup-lcs-barrow.eps>
(epstopdf)                    date: 2016-07-01 17:17:27
(epstopdf)                    size: 22952 bytes
(epstopdf)             Output file: <figures/speedup-lcs-barrow-eps-converted-t
o.pdf>
(epstopdf)                    date: 2016-07-01 17:18:06
(epstopdf)                    size: 17019 bytes
(epstopdf)             Command: <repstopdf --outfile=figures/speedup-lcs-barrow
-eps-converted-to.pdf figures/speedup-lcs-barrow.eps>
(epstopdf)             \includegraphics on input line 281.
Package epstopdf Info: Output file is already uptodate.

<figures/speedup-lcs-barrow-eps-converted-to.pdf, id=512, 578.16pt x 433.62pt>
File: figures/speedup-lcs-barrow-eps-converted-to.pdf Graphic file (type pdf)

<use figures/speedup-lcs-barrow-eps-converted-to.pdf>
Package pdftex.def Info: figures/speedup-lcs-barrow-eps-converted-to.pdf used o
n input line 281.
(pdftex.def)             Requested size: 284.52713pt x 184.9444pt.
 [16 <./figures/comparison/regular/surf-temp/comp-temp-location1-eps-converted-
to.pdf>] [17 <./figures/comparison/regular/error-eps-converted-to.pdf> <./figur
es/comparison/dist/Elev-grad1.5m/error-eps-converted-to.pdf> <./figures/compari
son/dist/Elev-grad2.5m/error-eps-converted-to.pdf>] [18 <./figures/barrow-water
shed-image2A.png>]
[19 <./figures/surface-ponded-depth3-time13-4507.png> <./figures/surface-temper
ature3-time13-4644.png>] [20 <./figures/compare3d-lcs-speed-eps-converted-to.pd
f>] [21 <./figures/speedup-lcs-lobster-eps-converted-to.pdf> <./figures/speedup
-lcs-barrow-eps-converted-to.pdf>] [22]
LaTeX Font Info:    Try loading font information for OMS+cmr on input line 323.


(/usr/local/texlive/2015/texmf-dist/tex/latex/base/omscmr.fd
File: omscmr.fd 2014/09/29 v2.5h Standard LaTeX font definitions
)
LaTeX Font Info:    Font shape `OMS/cmr/m/n' in size <10> not available
(Font)              Font shape `OMS/cmsy/m/n' tried instead on input line 323.

Overfull \hbox (7.38945pt too wide) in paragraph at lines 323--326
[]\OT1/cmr/m/n/10 Problem Test 1 (Sub-sur-face Flow): We con-sider mul-ti-ple s
ub-sur-face columns
 []

[23] (./mixed-dim-model.bbl [24] [25] [26] [27])

Package natbib Warning: There were undefined citations.

[28]
Package atveryend Info: Empty hook `BeforeClearDocument' on input line 347.
Package atveryend Info: Empty hook `AfterLastShipout' on input line 347.
 (./mixed-dim-model.aux)
Package atveryend Info: Executing hook `AtVeryEndDocument' on input line 347.
Package atveryend Info: Executing hook `AtEndAfterFileList' on input line 347.
Package rerunfilecheck Info: File `mixed-dim-model.out' has not changed.
(rerunfilecheck)             Checksum: 2CC91D85118178DAD7DAFEDB6E1FEF9A;1069.
Package atveryend Info: Empty hook `AtVeryVeryEnd' on input line 347.
 ) 
Here is how much of TeX's memory you used:
 16623 strings out of 493089
 316628 string characters out of 6134842
 378668 words of memory out of 5000000
 19703 multiletter control sequences out of 15000+600000
 6339 words of font info for 23 fonts, out of 8000000 for 9000
 1141 hyphenation exceptions out of 8191
 62i,8n,56p,1831b,508s stack positions out of 5000i,500n,10000p,200000b,80000s
</usr/local/texlive/2015/texmf-dist/fonts/type1/public/amsfonts/cm/cmbx10.pfb
></usr/local/texlive/2015/texmf-dist/fonts/type1/public/amsfonts/cm/cmmi10.pfb>
</usr/local/texlive/2015/texmf-dist/fonts/type1/public/amsfonts/cm/cmr10.pfb></
usr/local/texlive/2015/texmf-dist/fonts/type1/public/amsfonts/cm/cmr12.pfb></us
r/local/texlive/2015/texmf-dist/fonts/type1/public/amsfonts/cm/cmr7.pfb></usr/l
ocal/texlive/2015/texmf-dist/fonts/type1/public/amsfonts/cm/cmr8.pfb></usr/loca
l/texlive/2015/texmf-dist/fonts/type1/public/amsfonts/cm/cmss8.pfb></usr/local/
texlive/2015/texmf-dist/fonts/type1/public/amsfonts/cm/cmsy10.pfb></usr/local/t
exlive/2015/texmf-dist/fonts/type1/public/amsfonts/cm/cmti10.pfb></usr/local/te
xlive/2015/texmf-dist/fonts/type1/public/amsfonts/cm/cmti8.pfb>
Output written on mixed-dim-model.pdf (28 pages, 1548681 bytes).
PDF statistics:
 921 PDF objects out of 1000 (max. 8388607)
 397 compressed objects within 4 object streams
 94 named destinations out of 1000 (max. 500000)
 243 words of extra memory for PDF output out of 10000 (max. 10000000)

